<?xml version="1.0" encoding="UTF-8"?>
<testng-results ignored="0" total="2" passed="2" failed="0" skipped="0">
  <reporter-output>
  </reporter-output>
  <suite started-at="2023-11-22T18:15:25 EST" name="Default suite" finished-at="2023-11-22T18:15:36 EST" duration-ms="10733">
    <groups>
    </groups>
    <test started-at="2023-11-22T18:15:25 EST" name="Default test" finished-at="2023-11-22T18:15:36 EST" duration-ms="10733">
      <class name="pagesTest.HomePageTest">
        <test-method is-config="true" signature="setUP()[pri:0, instance:pagesTest.HomePageTest@26d9b808]" started-at="2023-11-22T18:15:25 EST" name="setUP" finished-at="2023-11-22T18:15:28 EST" duration-ms="2425" status="PASS">
          <reporter-output>
          </reporter-output>
        </test-method> <!-- setUP -->
        <test-method signature="clickLoginButtonTest()[pri:0, instance:pagesTest.HomePageTest@26d9b808]" started-at="2023-11-22T18:15:28 EST" name="clickLoginButtonTest" finished-at="2023-11-22T18:15:34 EST" duration-ms="5668" status="PASS">
          <reporter-output>
          </reporter-output>
        </test-method> <!-- clickLoginButtonTest -->
        <test-method is-config="true" signature="tearUp()[pri:0, instance:pagesTest.HomePageTest@26d9b808]" started-at="2023-11-22T18:15:34 EST" name="tearUp" finished-at="2023-11-22T18:15:34 EST" duration-ms="140" status="PASS">
          <reporter-output>
          </reporter-output>
        </test-method> <!-- tearUp -->
        <test-method is-config="true" signature="setUP()[pri:0, instance:pagesTest.HomePageTest@26d9b808]" started-at="2023-11-22T18:15:34 EST" name="setUP" finished-at="2023-11-22T18:15:36 EST" duration-ms="2368" status="PASS">
          <reporter-output>
          </reporter-output>
        </test-method> <!-- setUP -->
        <test-method signature="use_of_getTitle_method()[pri:0, instance:pagesTest.HomePageTest@26d9b808]" started-at="2023-11-22T18:15:36 EST" name="use_of_getTitle_method" finished-at="2023-11-22T18:15:36 EST" duration-ms="8" status="PASS">
          <reporter-output>
          </reporter-output>
        </test-method> <!-- use_of_getTitle_method -->
        <test-method is-config="true" signature="tearUp()[pri:0, instance:pagesTest.HomePageTest@26d9b808]" started-at="2023-11-22T18:15:36 EST" name="tearUp" finished-at="2023-11-22T18:15:36 EST" duration-ms="90" status="PASS">
          <reporter-output>
          </reporter-output>
        </test-method> <!-- tearUp -->
      </class> <!-- pagesTest.HomePageTest -->
    </test> <!-- Default test -->
  </suite> <!-- Default suite -->
</testng-results>
